Started GET "/" for 127.0.0.1 at 2021-06-04 20:28:31 -0400
  [1m[35m (3.0ms)[0m  [1m[34mSELECT sqlite_version(*)[0m
Processing by Rails::WelcomeController#index as HTML
  Rendering /var/lib/gems/2.7.0/gems/railties-6.1.3.2/lib/rails/templates/rails/welcome/index.html.erb
  Rendered /var/lib/gems/2.7.0/gems/railties-6.1.3.2/lib/rails/templates/rails/welcome/index.html.erb (Duration: 8.4ms | Allocations: 444)
Completed 200 OK in 25ms (Views: 13.9ms | ActiveRecord: 0.0ms | Allocations: 3631)


Started GET "/" for 127.0.0.1 at 2021-06-04 20:31:06 -0400
  [1m[35m (0.7ms)[0m  [1m[34mSELECT sqlite_version(*)[0m
Processing by Rails::WelcomeController#index as HTML
  Rendering /var/lib/gems/2.7.0/gems/railties-6.1.3.2/lib/rails/templates/rails/welcome/index.html.erb
  Rendered /var/lib/gems/2.7.0/gems/railties-6.1.3.2/lib/rails/templates/rails/welcome/index.html.erb (Duration: 16.8ms | Allocations: 332)
Completed 200 OK in 30ms (Views: 18.9ms | ActiveRecord: 0.0ms | Allocations: 2458)


Started GET "/home/index" for 127.0.0.1 at 2021-06-04 20:31:12 -0400
Processing by HomeController#index as HTML
  Rendering layout layouts/application.html.erb
  Rendering home/index.html.erb within layouts/application
  Rendered home/index.html.erb within layouts/application (Duration: 0.5ms | Allocations: 107)
[Webpacker] Compiling...
[Webpacker] Compiled all packs in /home/ubuntu/Documents/railsfriends/friends/public/packs
[Webpacker] Though the "loose" option was set to "false" in your @babel/preset-env config, it will not be used for @babel/plugin-proposal-private-methods since the "loose" mode option was set to "true" for @babel/plugin-proposal-class-properties.
The "loose" option must be the same for @babel/plugin-proposal-class-properties, @babel/plugin-proposal-private-methods and @babel/plugin-proposal-private-property-in-object (when they are enabled): you can silence this warning by explicitly adding
	["@babel/plugin-proposal-private-methods", { "loose": true }]
to the "plugins" section of your Babel config.
Though the "loose" option was set to "false" in your @babel/preset-env config, it will not be used for @babel/plugin-proposal-private-methods since the "loose" mode option was set to "true" for @babel/plugin-proposal-class-properties.
The "loose" option must be the same for @babel/plugin-proposal-class-properties, @babel/plugin-proposal-private-methods and @babel/plugin-proposal-private-property-in-object (when they are enabled): you can silence this warning by explicitly adding
	["@babel/plugin-proposal-private-methods", { "loose": true }]
to the "plugins" section of your Babel config.
Though the "loose" option was set to "false" in your @babel/preset-env config, it will not be used for @babel/plugin-proposal-private-methods since the "loose" mode option was set to "true" for @babel/plugin-proposal-class-properties.
The "loose" option must be the same for @babel/plugin-proposal-class-properties, @babel/plugin-proposal-private-methods and @babel/plugin-proposal-private-property-in-object (when they are enabled): you can silence this warning by explicitly adding
	["@babel/plugin-proposal-private-methods", { "loose": true }]
to the "plugins" section of your Babel config.
Though the "loose" option was set to "false" in your @babel/preset-env config, it will not be used for @babel/plugin-proposal-private-methods since the "loose" mode option was set to "true" for @babel/plugin-proposal-class-properties.
The "loose" option must be the same for @babel/plugin-proposal-class-properties, @babel/plugin-proposal-private-methods and @babel/plugin-proposal-private-property-in-object (when they are enabled): you can silence this warning by explicitly adding
	["@babel/plugin-proposal-private-methods", { "loose": true }]
to the "plugins" section of your Babel config.
Though the "loose" option was set to "false" in your @babel/preset-env config, it will not be used for @babel/plugin-proposal-private-methods since the "loose" mode option was set to "true" for @babel/plugin-proposal-class-properties.
The "loose" option must be the same for @babel/plugin-proposal-class-properties, @babel/plugin-proposal-private-methods and @babel/plugin-proposal-private-property-in-object (when they are enabled): you can silence this warning by explicitly adding
	["@babel/plugin-proposal-private-methods", { "loose": true }]
to the "plugins" section of your Babel config.
Though the "loose" option was set to "false" in your @babel/preset-env config, it will not be used for @babel/plugin-proposal-private-methods since the "loose" mode option was set to "true" for @babel/plugin-proposal-class-properties.
The "loose" option must be the same for @babel/plugin-proposal-class-properties, @babel/plugin-proposal-private-methods and @babel/plugin-proposal-private-property-in-object (when they are enabled): you can silence this warning by explicitly adding
	["@babel/plugin-proposal-private-methods", { "loose": true }]
to the "plugins" section of your Babel config.

[Webpacker] Hash: e332c6419728fac579d5
Version: webpack 4.46.0
Time: 2974ms
Built at: 06/04/2021 8:31:18 PM
                                     Asset       Size       Chunks                         Chunk Names
    js/application-f826770d917d8a37c1d8.js    125 KiB  application  [emitted] [immutable]  application
js/application-f826770d917d8a37c1d8.js.map    139 KiB  application  [emitted] [dev]        application
                             manifest.json  364 bytes               [emitted]              
Entrypoint application = js/application-f826770d917d8a37c1d8.js js/application-f826770d917d8a37c1d8.js.map
[./app/javascript/channels sync recursive _channel\.js$] ./app/javascript/channels sync _channel\.js$ 160 bytes {application} [built]
[./app/javascript/channels/index.js] 211 bytes {application} [built]
[./app/javascript/packs/application.js] 492 bytes {application} [built]
[./node_modules/webpack/buildin/module.js] (webpack)/buildin/module.js 552 bytes {application} [built]
    + 3 hidden modules

  Rendered layout layouts/application.html.erb (Duration: 6012.9ms | Allocations: 17015)
Completed 200 OK in 6016ms (Views: 6015.3ms | ActiveRecord: 0.0ms | Allocations: 18108)


Started GET "/home/index" for 127.0.0.1 at 2021-06-04 20:31:53 -0400
Processing by HomeController#index as HTML
  Rendering layout layouts/application.html.erb
  Rendering home/index.html.erb within layouts/application
  Rendered home/index.html.erb within layouts/application (Duration: 1.4ms | Allocations: 109)
[Webpacker] Everything's up-to-date. Nothing to do
  Rendered layout layouts/application.html.erb (Duration: 30.8ms | Allocations: 3237)
Completed 200 OK in 38ms (Views: 34.8ms | ActiveRecord: 0.0ms | Allocations: 4335)


Started GET "/home/index" for 127.0.0.1 at 2021-06-04 20:33:00 -0400
Processing by HomeController#index as HTML
  Rendering layout layouts/application.html.erb
  Rendering home/index.html.erb within layouts/application
  Rendered home/index.html.erb within layouts/application (Duration: 0.1ms | Allocations: 37)
[Webpacker] Everything's up-to-date. Nothing to do
  Rendered layout layouts/application.html.erb (Duration: 4.6ms | Allocations: 2976)
Completed 200 OK in 7ms (Views: 5.8ms | Allocations: 3473)


Started GET "/home/index" for 127.0.0.1 at 2021-06-04 20:33:27 -0400
  
ActionController::RoutingError (No route matches [GET] "/home/index"):
  
Started GET "/" for 127.0.0.1 at 2021-06-04 20:33:37 -0400
Processing by HomeController#index as HTML
  Rendering layout layouts/application.html.erb
  Rendering home/index.html.erb within layouts/application
  Rendered home/index.html.erb within layouts/application (Duration: 0.1ms | Allocations: 37)
[Webpacker] Everything's up-to-date. Nothing to do
  Rendered layout layouts/application.html.erb (Duration: 9.8ms | Allocations: 3086)
Completed 200 OK in 13ms (Views: 11.7ms | Allocations: 3660)


Started GET "/" for 127.0.0.1 at 2021-06-04 20:34:58 -0400
  [1m[35m (0.9ms)[0m  [1m[34mSELECT sqlite_version(*)[0m
Processing by HomeController#index as HTML
  Rendering layout layouts/application.html.erb
  Rendering home/index.html.erb within layouts/application
  Rendered home/index.html.erb within layouts/application (Duration: 2.1ms | Allocations: 220)
[Webpacker] Everything's up-to-date. Nothing to do
  Rendered layout layouts/application.html.erb (Duration: 15.7ms | Allocations: 5228)
Completed 200 OK in 30ms (Views: 19.7ms | ActiveRecord: 0.0ms | Allocations: 7815)


Started GET "/" for 127.0.0.1 at 2021-06-04 20:38:27 -0400
Processing by HomeController#index as HTML
  Rendering layout layouts/application.html.erb
  Rendering home/index.html.erb within layouts/application
  Rendered home/index.html.erb within layouts/application (Duration: 0.2ms | Allocations: 37)
[Webpacker] Everything's up-to-date. Nothing to do
  Rendered layout layouts/application.html.erb (Duration: 34.8ms | Allocations: 3008)
Completed 200 OK in 37ms (Views: 36.2ms | ActiveRecord: 0.0ms | Allocations: 3337)


Started GET "/" for 127.0.0.1 at 2021-06-04 20:39:40 -0400
Processing by HomeController#index as HTML
  Rendering layout layouts/application.html.erb
  Rendering home/index.html.erb within layouts/application
  Rendered home/index.html.erb within layouts/application (Duration: 0.4ms | Allocations: 111)
[Webpacker] Everything's up-to-date. Nothing to do
  Rendered layout layouts/application.html.erb (Duration: 9.7ms | Allocations: 3245)
Completed 200 OK in 18ms (Views: 16.9ms | ActiveRecord: 0.0ms | Allocations: 4335)


Started GET "/home/about" for 127.0.0.1 at 2021-06-04 20:41:40 -0400
Processing by HomeController#about as HTML
  Rendering layout layouts/application.html.erb
  Rendering home/about.html.erb within layouts/application
  Rendered home/about.html.erb within layouts/application (Duration: 0.4ms | Allocations: 108)
[Webpacker] Everything's up-to-date. Nothing to do
  Rendered layout layouts/application.html.erb (Duration: 9.9ms | Allocations: 3227)
Completed 200 OK in 17ms (Views: 13.2ms | Allocations: 4325)


Started GET "/home/about" for 127.0.0.1 at 2021-06-04 20:45:10 -0400
Processing by HomeController#about as HTML
  Rendering layout layouts/application.html.erb
  Rendering home/about.html.erb within layouts/application
  Rendered home/about.html.erb within layouts/application (Duration: 0.4ms | Allocations: 104)
[Webpacker] Everything's up-to-date. Nothing to do
  Rendered layout layouts/application.html.erb (Duration: 6.2ms | Allocations: 3250)
Completed 200 OK in 9ms (Views: 7.9ms | Allocations: 4341)


Started GET "/home/about" for 127.0.0.1 at 2021-06-04 20:45:54 -0400
Processing by HomeController#about as HTML
  Rendering layout layouts/application.html.erb
  Rendering home/about.html.erb within layouts/application
  Rendered home/about.html.erb within layouts/application (Duration: 0.3ms | Allocations: 103)
[Webpacker] Everything's up-to-date. Nothing to do
  Rendered layout layouts/application.html.erb (Duration: 4.2ms | Allocations: 3250)
Completed 200 OK in 7ms (Views: 5.6ms | Allocations: 4339)


Started GET "/home/about" for 127.0.0.1 at 2021-06-04 20:46:04 -0400
Processing by HomeController#about as HTML
  Rendering layout layouts/application.html.erb
  Rendering home/about.html.erb within layouts/application
  Rendered home/about.html.erb within layouts/application (Duration: 0.3ms | Allocations: 103)
[Webpacker] Everything's up-to-date. Nothing to do
  Rendered layout layouts/application.html.erb (Duration: 6.4ms | Allocations: 3248)
Completed 200 OK in 9ms (Views: 7.7ms | Allocations: 4330)


Started GET "/" for 127.0.0.1 at 2021-06-04 20:46:09 -0400
Processing by HomeController#index as HTML
  Rendering layout layouts/application.html.erb
  Rendering home/index.html.erb within layouts/application
  Rendered home/index.html.erb within layouts/application (Duration: 0.5ms | Allocations: 106)
[Webpacker] Everything's up-to-date. Nothing to do
  Rendered layout layouts/application.html.erb (Duration: 6.9ms | Allocations: 3061)
Completed 200 OK in 8ms (Views: 7.4ms | Allocations: 3562)


Started GET "/" for 127.0.0.1 at 2021-06-04 20:48:49 -0400
Processing by HomeController#index as HTML
  Rendering layout layouts/application.html.erb
  Rendering home/index.html.erb within layouts/application
  Rendered home/index.html.erb within layouts/application (Duration: 0.4ms | Allocations: 106)
[Webpacker] Everything's up-to-date. Nothing to do
  Rendered home/_header.html.erb (Duration: 0.4ms | Allocations: 109)
  Rendered layout layouts/application.html.erb (Duration: 7.2ms | Allocations: 3569)
Completed 200 OK in 11ms (Views: 9.8ms | Allocations: 4651)


Started GET "/home/about" for 127.0.0.1 at 2021-06-04 20:49:04 -0400
Processing by HomeController#about as HTML
  Rendering layout layouts/application.html.erb
  Rendering home/about.html.erb within layouts/application
  Rendered home/about.html.erb within layouts/application (Duration: 0.3ms | Allocations: 103)
[Webpacker] Everything's up-to-date. Nothing to do
  Rendered home/_header.html.erb (Duration: 0.4ms | Allocations: 39)
  Rendered layout layouts/application.html.erb (Duration: 6.5ms | Allocations: 3152)
Completed 200 OK in 8ms (Views: 7.1ms | Allocations: 3652)


Started GET "/home/about" for 127.0.0.1 at 2021-06-04 20:50:28 -0400
Processing by HomeController#about as HTML
  Rendering layout layouts/application.html.erb
  Rendering home/about.html.erb within layouts/application
  Rendered home/about.html.erb within layouts/application (Duration: 0.3ms | Allocations: 103)
[Webpacker] Everything's up-to-date. Nothing to do
  Rendered home/_header.html.erb (Duration: 0.5ms | Allocations: 142)
  Rendered layout layouts/application.html.erb (Duration: 15.6ms | Allocations: 3591)
Completed 200 OK in 18ms (Views: 17.3ms | Allocations: 4673)


Started GET "/home/about" for 127.0.0.1 at 2021-06-04 20:50:33 -0400
Processing by HomeController#about as HTML
  Rendering layout layouts/application.html.erb
  Rendering home/about.html.erb within layouts/application
  Rendered home/about.html.erb within layouts/application (Duration: 0.1ms | Allocations: 37)
[Webpacker] Everything's up-to-date. Nothing to do
  Rendered home/_header.html.erb (Duration: 0.2ms | Allocations: 39)
  Rendered layout layouts/application.html.erb (Duration: 4.7ms | Allocations: 3090)
Completed 200 OK in 7ms (Views: 5.4ms | Allocations: 3468)


Started GET "/" for 127.0.0.1 at 2021-06-04 20:50:38 -0400
Processing by HomeController#index as HTML
  Rendering layout layouts/application.html.erb
  Rendering home/index.html.erb within layouts/application
  Rendered home/index.html.erb within layouts/application (Duration: 1.4ms | Allocations: 106)
[Webpacker] Everything's up-to-date. Nothing to do
  Rendered home/_header.html.erb (Duration: 0.1ms | Allocations: 39)
  Rendered layout layouts/application.html.erb (Duration: 5.7ms | Allocations: 3159)
Completed 200 OK in 7ms (Views: 6.4ms | Allocations: 3658)


Started GET "/" for 127.0.0.1 at 2021-06-04 20:51:41 -0400
Processing by HomeController#index as HTML
  Rendering layout layouts/application.html.erb
  Rendering home/index.html.erb within layouts/application
  Rendered home/index.html.erb within layouts/application (Duration: 0.3ms | Allocations: 106)
[Webpacker] Everything's up-to-date. Nothing to do
  Rendered home/_header.html.erb (Duration: 0.3ms | Allocations: 128)
  Rendered layout layouts/application.html.erb (Duration: 7.5ms | Allocations: 3581)
Completed 200 OK in 10ms (Views: 9.0ms | Allocations: 4663)


Started GET "/" for 127.0.0.1 at 2021-06-04 20:52:08 -0400
Processing by HomeController#index as HTML
  Rendering layout layouts/application.html.erb
  Rendering home/index.html.erb within layouts/application
  Rendered home/index.html.erb within layouts/application (Duration: 0.3ms | Allocations: 107)
[Webpacker] Everything's up-to-date. Nothing to do
  Rendered home/_header.html.erb (Duration: 0.5ms | Allocations: 125)
  Rendered layout layouts/application.html.erb (Duration: 8.3ms | Allocations: 3580)
Completed 200 OK in 11ms (Views: 10.0ms | Allocations: 4667)


Started GET "/" for 127.0.0.1 at 2021-06-04 20:52:09 -0400
Processing by HomeController#index as HTML
  Rendering layout layouts/application.html.erb
  Rendering home/index.html.erb within layouts/application
  Rendered home/index.html.erb within layouts/application (Duration: 0.1ms | Allocations: 37)
[Webpacker] Everything's up-to-date. Nothing to do
  Rendered home/_header.html.erb (Duration: 0.2ms | Allocations: 39)
  Rendered layout layouts/application.html.erb (Duration: 6.9ms | Allocations: 3097)
Completed 200 OK in 8ms (Views: 7.5ms | Allocations: 3477)


Started GET "/" for 127.0.0.1 at 2021-06-04 20:53:50 -0400
Processing by HomeController#index as HTML
  Rendering layout layouts/application.html.erb
  Rendering home/index.html.erb within layouts/application
  Rendered home/index.html.erb within layouts/application (Duration: 0.3ms | Allocations: 109)
[Webpacker] Everything's up-to-date. Nothing to do
  Rendered home/_header.html.erb (Duration: 1.4ms | Allocations: 196)
  Rendered layout layouts/application.html.erb (Duration: 6.5ms | Allocations: 3653)
Completed 200 OK in 9ms (Views: 7.8ms | Allocations: 4740)


Started GET "/" for 127.0.0.1 at 2021-06-04 20:53:52 -0400
Processing by HomeController#index as HTML
  Rendering layout layouts/application.html.erb
  Rendering home/index.html.erb within layouts/application
  Rendered home/index.html.erb within layouts/application (Duration: 0.1ms | Allocations: 37)
[Webpacker] Everything's up-to-date. Nothing to do
  Rendered home/_header.html.erb (Duration: 0.3ms | Allocations: 68)
  Rendered layout layouts/application.html.erb (Duration: 10.1ms | Allocations: 3121)
Completed 200 OK in 12ms (Views: 10.8ms | Allocations: 3499)


Started GET "/" for 127.0.0.1 at 2021-06-04 20:53:54 -0400
Processing by HomeController#index as HTML
  Rendering layout layouts/application.html.erb
  Rendering home/index.html.erb within layouts/application
  Rendered home/index.html.erb within layouts/application (Duration: 0.1ms | Allocations: 37)
[Webpacker] Everything's up-to-date. Nothing to do
  Rendered home/_header.html.erb (Duration: 0.2ms | Allocations: 68)
  Rendered layout layouts/application.html.erb (Duration: 4.2ms | Allocations: 3113)
Completed 200 OK in 5ms (Views: 4.6ms | Allocations: 3490)


Started GET "/home/about" for 127.0.0.1 at 2021-06-04 20:54:14 -0400
Processing by HomeController#about as HTML
  Rendering layout layouts/application.html.erb
  Rendering home/about.html.erb within layouts/application
  Rendered home/about.html.erb within layouts/application (Duration: 0.4ms | Allocations: 105)
[Webpacker] Everything's up-to-date. Nothing to do
  Rendered home/_header.html.erb (Duration: 0.2ms | Allocations: 73)
  Rendered layout layouts/application.html.erb (Duration: 4.9ms | Allocations: 3188)
Completed 200 OK in 7ms (Views: 5.6ms | Allocations: 3688)


Started GET "/" for 127.0.0.1 at 2021-06-04 20:54:16 -0400
Processing by HomeController#index as HTML
  Rendering layout layouts/application.html.erb
  Rendering home/index.html.erb within layouts/application
  Rendered home/index.html.erb within layouts/application (Duration: 0.1ms | Allocations: 37)
[Webpacker] Everything's up-to-date. Nothing to do
  Rendered home/_header.html.erb (Duration: 0.7ms | Allocations: 68)
  Rendered layout layouts/application.html.erb (Duration: 7.5ms | Allocations: 3113)
Completed 200 OK in 9ms (Views: 8.2ms | Allocations: 3491)


Started GET "/" for 127.0.0.1 at 2021-06-04 20:55:17 -0400
Processing by HomeController#index as HTML
  Rendering layout layouts/application.html.erb
  Rendering home/index.html.erb within layouts/application
  Rendered home/index.html.erb within layouts/application (Duration: 0.3ms | Allocations: 106)
[Webpacker] Everything's up-to-date. Nothing to do
  Rendered home/_header.html.erb (Duration: 3.7ms | Allocations: 227)
  Rendered layout layouts/application.html.erb (Duration: 9.6ms | Allocations: 3681)
Completed 200 OK in 12ms (Views: 11.1ms | Allocations: 4763)


Started GET "/" for 127.0.0.1 at 2021-06-04 20:55:18 -0400
Processing by HomeController#index as HTML
  Rendering layout layouts/application.html.erb
  Rendering home/index.html.erb within layouts/application
  Rendered home/index.html.erb within layouts/application (Duration: 0.1ms | Allocations: 37)
[Webpacker] Everything's up-to-date. Nothing to do
  Rendered home/_header.html.erb (Duration: 0.2ms | Allocations: 90)
  Rendered layout layouts/application.html.erb (Duration: 4.2ms | Allocations: 3138)
Completed 200 OK in 6ms (Views: 4.9ms | Allocations: 3516)


Started GET "/home/about" for 127.0.0.1 at 2021-06-04 20:55:19 -0400
Processing by HomeController#about as HTML
  Rendering layout layouts/application.html.erb
  Rendering home/about.html.erb within layouts/application
  Rendered home/about.html.erb within layouts/application (Duration: 0.5ms | Allocations: 103)
[Webpacker] Everything's up-to-date. Nothing to do
  Rendered home/_header.html.erb (Duration: 0.3ms | Allocations: 96)
  Rendered layout layouts/application.html.erb (Duration: 10.0ms | Allocations: 3209)
Completed 200 OK in 12ms (Views: 10.6ms | Allocations: 3712)


Started GET "/" for 127.0.0.1 at 2021-06-04 20:55:19 -0400
Processing by HomeController#index as HTML
  Rendering layout layouts/application.html.erb
  Rendering home/index.html.erb within layouts/application
  Rendered home/index.html.erb within layouts/application (Duration: 0.1ms | Allocations: 37)
[Webpacker] Everything's up-to-date. Nothing to do
  Rendered home/_header.html.erb (Duration: 0.4ms | Allocations: 90)
  Rendered layout layouts/application.html.erb (Duration: 6.7ms | Allocations: 3135)
Completed 200 OK in 10ms (Views: 7.6ms | Allocations: 3513)


Started GET "/home/about" for 127.0.0.1 at 2021-06-04 20:55:20 -0400
Processing by HomeController#about as HTML
  Rendering layout layouts/application.html.erb
  Rendering home/about.html.erb within layouts/application
  Rendered home/about.html.erb within layouts/application (Duration: 0.3ms | Allocations: 37)
[Webpacker] Everything's up-to-date. Nothing to do
  Rendered home/_header.html.erb (Duration: 2.6ms | Allocations: 90)
  Rendered layout layouts/application.html.erb (Duration: 10.8ms | Allocations: 3140)
Completed 200 OK in 14ms (Views: 13.2ms | Allocations: 3518)


Started GET "/" for 127.0.0.1 at 2021-06-04 20:55:20 -0400
Processing by HomeController#index as HTML
  Rendering layout layouts/application.html.erb
  Rendering home/index.html.erb within layouts/application
  Rendered home/index.html.erb within layouts/application (Duration: 0.1ms | Allocations: 37)
[Webpacker] Everything's up-to-date. Nothing to do
  Rendered home/_header.html.erb (Duration: 0.3ms | Allocations: 90)
  Rendered layout layouts/application.html.erb (Duration: 5.0ms | Allocations: 3138)
Completed 200 OK in 6ms (Views: 5.5ms | Allocations: 3515)


Started GET "/home/about" for 127.0.0.1 at 2021-06-04 20:55:21 -0400
Processing by HomeController#about as HTML
  Rendering layout layouts/application.html.erb
  Rendering home/about.html.erb within layouts/application
  Rendered home/about.html.erb within layouts/application (Duration: 0.2ms | Allocations: 37)
[Webpacker] Everything's up-to-date. Nothing to do
  Rendered home/_header.html.erb (Duration: 0.3ms | Allocations: 90)
  Rendered layout layouts/application.html.erb (Duration: 7.0ms | Allocations: 3134)
Completed 200 OK in 9ms (Views: 8.3ms | Allocations: 3511)


Started GET "/home/about?pp=help" for 127.0.0.1 at 2021-06-04 20:56:32 -0400
Processing by HomeController#about as HTML
  Parameters: {"pp"=>"help"}
  Rendering layout layouts/application.html.erb
  Rendering home/about.html.erb within layouts/application
  Rendered home/about.html.erb within layouts/application (Duration: 0.1ms | Allocations: 37)
[Webpacker] Everything's up-to-date. Nothing to do
  Rendered home/_header.html.erb (Duration: 0.2ms | Allocations: 90)
  Rendered layout layouts/application.html.erb (Duration: 3.9ms | Allocations: 3134)
Completed 200 OK in 5ms (Views: 4.3ms | Allocations: 3511)


Started GET "/home/about?pp=help" for 127.0.0.1 at 2021-06-04 20:56:32 -0400
Processing by HomeController#about as HTML
  Parameters: {"pp"=>"help"}
  Rendering layout layouts/application.html.erb
  Rendering home/about.html.erb within layouts/application
  Rendered home/about.html.erb within layouts/application (Duration: 0.1ms | Allocations: 37)
[Webpacker] Everything's up-to-date. Nothing to do
  Rendered home/_header.html.erb (Duration: 0.2ms | Allocations: 90)
  Rendered layout layouts/application.html.erb (Duration: 4.4ms | Allocations: 3137)
Completed 200 OK in 5ms (Views: 4.8ms | Allocations: 3512)


Started GET "/" for 127.0.0.1 at 2021-06-04 20:57:11 -0400
Processing by HomeController#index as HTML
  Rendering layout layouts/application.html.erb
  Rendering home/index.html.erb within layouts/application
  Rendered home/index.html.erb within layouts/application (Duration: 0.1ms | Allocations: 37)
[Webpacker] Everything's up-to-date. Nothing to do
  Rendered home/_header.html.erb (Duration: 0.2ms | Allocations: 90)
  Rendered layout layouts/application.html.erb (Duration: 4.3ms | Allocations: 3136)
Completed 200 OK in 5ms (Views: 4.7ms | Allocations: 3510)


Started GET "/" for 127.0.0.1 at 2021-06-04 20:58:22 -0400
  [1m[35m (0.6ms)[0m  [1m[34mSELECT sqlite_version(*)[0m
Processing by HomeController#index as HTML
  Rendering layout layouts/application.html.erb
  Rendering home/index.html.erb within layouts/application
  Rendered home/index.html.erb within layouts/application (Duration: 0.8ms | Allocations: 220)
[Webpacker] Everything's up-to-date. Nothing to do
  Rendered home/_header.html.erb (Duration: 2.3ms | Allocations: 249)
  Rendered layout layouts/application.html.erb (Duration: 24.8ms | Allocations: 5704)
Completed 200 OK in 37ms (Views: 28.4ms | ActiveRecord: 0.0ms | Allocations: 8294)


Started GET "/home/about" for 127.0.0.1 at 2021-06-04 20:58:22 -0400
Processing by HomeController#about as HTML
  Rendering layout layouts/application.html.erb
  Rendering home/about.html.erb within layouts/application
  Rendered home/about.html.erb within layouts/application (Duration: 0.4ms | Allocations: 105)
[Webpacker] Everything's up-to-date. Nothing to do
  Rendered home/_header.html.erb (Duration: 0.9ms | Allocations: 96)
  Rendered layout layouts/application.html.erb (Duration: 21.6ms | Allocations: 3213)
Completed 200 OK in 24ms (Views: 22.4ms | ActiveRecord: 0.0ms | Allocations: 3724)


Started GET "/" for 127.0.0.1 at 2021-06-04 20:58:23 -0400
Processing by HomeController#index as HTML
  Rendering layout layouts/application.html.erb
  Rendering home/index.html.erb within layouts/application
  Rendered home/index.html.erb within layouts/application (Duration: 0.4ms | Allocations: 37)
[Webpacker] Everything's up-to-date. Nothing to do
  Rendered home/_header.html.erb (Duration: 0.3ms | Allocations: 90)
  Rendered layout layouts/application.html.erb (Duration: 8.1ms | Allocations: 3145)
Completed 200 OK in 10ms (Views: 9.1ms | ActiveRecord: 0.0ms | Allocations: 3528)


Started GET "/home/about" for 127.0.0.1 at 2021-06-04 20:58:26 -0400
Processing by HomeController#about as HTML
  Rendering layout layouts/application.html.erb
  Rendering home/about.html.erb within layouts/application
  Rendered home/about.html.erb within layouts/application (Duration: 0.1ms | Allocations: 37)
[Webpacker] Everything's up-to-date. Nothing to do
  Rendered home/_header.html.erb (Duration: 0.6ms | Allocations: 90)
  Rendered layout layouts/application.html.erb (Duration: 11.7ms | Allocations: 3144)
Completed 200 OK in 13ms (Views: 12.4ms | ActiveRecord: 0.0ms | Allocations: 3527)


Started GET "/" for 127.0.0.1 at 2021-06-04 20:58:28 -0400
Processing by HomeController#index as HTML
  Rendering layout layouts/application.html.erb
  Rendering home/index.html.erb within layouts/application
  Rendered home/index.html.erb within layouts/application (Duration: 0.1ms | Allocations: 37)
[Webpacker] Everything's up-to-date. Nothing to do
  Rendered home/_header.html.erb (Duration: 0.4ms | Allocations: 90)
  Rendered layout layouts/application.html.erb (Duration: 35.7ms | Allocations: 3135)
Completed 200 OK in 40ms (Views: 39.1ms | ActiveRecord: 0.0ms | Allocations: 3512)


  [1m[35m (0.3ms)[0m  [1m[34mSELECT sqlite_version(*)[0m
  [1m[35m (9.4ms)[0m  [1m[35mCREATE TABLE "schema_migrations" ("version" varchar NOT NULL PRIMARY KEY)[0m
  [1m[35m (11.2ms)[0m  [1m[35mCREATE TABLE "ar_internal_metadata" ("key" varchar NOT NULL PRIMARY KEY, "value" varchar, "created_at" datetime(6) NOT NULL, "updated_at" datetime(6) NOT NULL)[0m
  [1m[35m (0.2ms)[0m  [1m[34mSELECT "schema_migrations"."version" FROM "schema_migrations" ORDER BY "schema_migrations"."version" ASC[0m
Migrating to CreateFriends (20210605011320)
  [1m[36mTRANSACTION (0.1ms)[0m  [1m[36mbegin transaction[0m
  [1m[35m (4.4ms)[0m  [1m[35mCREATE TABLE "friends" ("id" integer PRIMARY KEY AUTOINCREMENT NOT NULL, "first_name" varchar, "last_name" varchar, "email" varchar, "phone" varchar, "twitter" varchar, "created_at" datetime(6) NOT NULL, "updated_at" datetime(6) NOT NULL)[0m
  [1m[36mActiveRecord::SchemaMigration Create (0.4ms)[0m  [1m[32mINSERT INTO "schema_migrations" ("version") VALUES (?)[0m  [["version", "20210605011320"]]
  [1m[36mTRANSACTION (4.7ms)[0m  [1m[36mcommit transaction[0m
  [1m[36mActiveRecord::InternalMetadata Load (0.3ms)[0m  [1m[34mSELECT "ar_internal_metadata".* FROM "ar_internal_metadata" WHERE "ar_internal_metadata"."key" = ? LIMIT ?[0m  [["key", "environment"], ["LIMIT", 1]]
  [1m[36mTRANSACTION (0.1ms)[0m  [1m[36mbegin transaction[0m
  [1m[36mActiveRecord::InternalMetadata Create (0.4ms)[0m  [1m[32mINSERT INTO "ar_internal_metadata" ("key", "value", "created_at", "updated_at") VALUES (?, ?, ?, ?)[0m  [["key", "environment"], ["value", "development"], ["created_at", "2021-06-05 01:17:01.883353"], ["updated_at", "2021-06-05 01:17:01.883353"]]
  [1m[36mTRANSACTION (6.7ms)[0m  [1m[36mcommit transaction[0m
  [1m[35m (0.3ms)[0m  [1m[34mSELECT sqlite_version(*)[0m
  [1m[35m (0.3ms)[0m  [1m[34mSELECT "schema_migrations"."version" FROM "schema_migrations" ORDER BY "schema_migrations"."version" ASC[0m
Started GET "/" for 127.0.0.1 at 2021-06-04 21:18:36 -0400
  [1m[35m (1.2ms)[0m  [1m[34mSELECT sqlite_version(*)[0m
  [1m[35m (0.1ms)[0m  [1m[34mSELECT "schema_migrations"."version" FROM "schema_migrations" ORDER BY "schema_migrations"."version" ASC[0m
Processing by HomeController#index as HTML
  Rendering layout layouts/application.html.erb
  Rendering home/index.html.erb within layouts/application
  Rendered home/index.html.erb within layouts/application (Duration: 1.9ms | Allocations: 220)
[Webpacker] Everything's up-to-date. Nothing to do
  Rendered home/_header.html.erb (Duration: 0.6ms | Allocations: 252)
  Rendered layout layouts/application.html.erb (Duration: 126.2ms | Allocations: 20299)
Completed 200 OK in 150ms (Views: 136.9ms | ActiveRecord: 0.0ms | Allocations: 22996)


Started GET "/" for 127.0.0.1 at 2021-06-04 21:19:30 -0400
Processing by HomeController#index as HTML
  Rendering layout layouts/application.html.erb
  Rendering home/index.html.erb within layouts/application
  Rendered home/index.html.erb within layouts/application (Duration: 0.2ms | Allocations: 37)
[Webpacker] Everything's up-to-date. Nothing to do
  Rendered home/_header.html.erb (Duration: 0.3ms | Allocations: 90)
  Rendered layout layouts/application.html.erb (Duration: 71.3ms | Allocations: 10545)
Completed 200 OK in 73ms (Views: 72.1ms | ActiveRecord: 0.0ms | Allocations: 10925)


Started GET "/firends" for 127.0.0.1 at 2021-06-04 21:19:43 -0400
  
ActionController::RoutingError (No route matches [GET] "/firends"):
  
Started GET "/friends" for 127.0.0.1 at 2021-06-04 21:19:47 -0400
Processing by FriendsController#index as HTML
  Rendering layout layouts/application.html.erb
  Rendering friends/index.html.erb within layouts/application
  [1m[36mFriend Load (0.2ms)[0m  [1m[34mSELECT "friends".* FROM "friends"[0m
  ↳ app/views/friends/index.html.erb:18
  Rendered friends/index.html.erb within layouts/application (Duration: 2.9ms | Allocations: 1124)
[Webpacker] Everything's up-to-date. Nothing to do
  Rendered home/_header.html.erb (Duration: 0.2ms | Allocations: 83)
  Rendered layout layouts/application.html.erb (Duration: 8.1ms | Allocations: 4409)
Completed 200 OK in 16ms (Views: 9.3ms | ActiveRecord: 0.2ms | Allocations: 5779)


Started GET "/friends/new" for 127.0.0.1 at 2021-06-04 21:19:49 -0400
Processing by FriendsController#new as HTML
  Rendering layout layouts/application.html.erb
  Rendering friends/new.html.erb within layouts/application
  Rendered friends/_form.html.erb (Duration: 18.3ms | Allocations: 5856)
  Rendered friends/new.html.erb within layouts/application (Duration: 20.6ms | Allocations: 6199)
[Webpacker] Everything's up-to-date. Nothing to do
  Rendered home/_header.html.erb (Duration: 0.2ms | Allocations: 82)
  Rendered layout layouts/application.html.erb (Duration: 27.4ms | Allocations: 9253)
Completed 200 OK in 46ms (Views: 29.0ms | ActiveRecord: 1.5ms | Allocations: 14176)


Started POST "/friends" for 127.0.0.1 at 2021-06-04 21:20:07 -0400
Processing by FriendsController#create as HTML
  Parameters: {"authenticity_token"=>"[FILTERED]", "friend"=>{"first_name"=>"john", "last_name"=>"elder", "email"=>"john@email.com", "phone"=>"111 222 3333", "twitter"=>"@john"}, "commit"=>"Create Friend"}
  [1m[36mTRANSACTION (0.1ms)[0m  [1m[36mbegin transaction[0m
  ↳ app/controllers/friends_controller.rb:27:in `block in create'
  [1m[36mFriend Create (0.5ms)[0m  [1m[32mINSERT INTO "friends" ("first_name", "last_name", "email", "phone", "twitter", "created_at", "updated_at") VALUES (?, ?, ?, ?, ?, ?, ?)[0m  [["first_name", "john"], ["last_name", "elder"], ["email", "john@email.com"], ["phone", "111 222 3333"], ["twitter", "@john"], ["created_at", "2021-06-05 01:20:07.500130"], ["updated_at", "2021-06-05 01:20:07.500130"]]
  ↳ app/controllers/friends_controller.rb:27:in `block in create'
  [1m[36mTRANSACTION (6.4ms)[0m  [1m[36mcommit transaction[0m
  ↳ app/controllers/friends_controller.rb:27:in `block in create'
Redirected to http://localhost:3000/friends/1
Completed 302 Found in 20ms (ActiveRecord: 7.0ms | Allocations: 4889)


Started GET "/friends/1" for 127.0.0.1 at 2021-06-04 21:20:07 -0400
Processing by FriendsController#show as HTML
  Parameters: {"id"=>"1"}
  [1m[36mFriend Load (0.4ms)[0m  [1m[34mSELECT "friends".* FROM "friends" WHERE "friends"."id" = ? LIMIT ?[0m  [["id", 1], ["LIMIT", 1]]
  ↳ app/controllers/friends_controller.rb:62:in `set_friend'
  Rendering layout layouts/application.html.erb
  Rendering friends/show.html.erb within layouts/application
  Rendered friends/show.html.erb within layouts/application (Duration: 1.7ms | Allocations: 339)
[Webpacker] Everything's up-to-date. Nothing to do
  Rendered home/_header.html.erb (Duration: 0.2ms | Allocations: 83)
  Rendered layout layouts/application.html.erb (Duration: 12.9ms | Allocations: 3494)
Completed 200 OK in 19ms (Views: 13.8ms | ActiveRecord: 0.4ms | Allocations: 4971)


Started GET "/friends" for 127.0.0.1 at 2021-06-04 21:20:09 -0400
Processing by FriendsController#index as HTML
  Rendering layout layouts/application.html.erb
  Rendering friends/index.html.erb within layouts/application
  [1m[36mFriend Load (0.1ms)[0m  [1m[34mSELECT "friends".* FROM "friends"[0m
  ↳ app/views/friends/index.html.erb:18
  Rendered friends/index.html.erb within layouts/application (Duration: 1.7ms | Allocations: 826)
[Webpacker] Everything's up-to-date. Nothing to do
  Rendered home/_header.html.erb (Duration: 0.2ms | Allocations: 81)
  Rendered layout layouts/application.html.erb (Duration: 9.6ms | Allocations: 3978)
Completed 200 OK in 11ms (Views: 10.0ms | ActiveRecord: 0.1ms | Allocations: 4384)


Started GET "/friends/new" for 127.0.0.1 at 2021-06-04 21:20:20 -0400
Processing by FriendsController#new as HTML
  Rendering layout layouts/application.html.erb
  Rendering friends/new.html.erb within layouts/application
  Rendered friends/_form.html.erb (Duration: 2.7ms | Allocations: 1232)
  Rendered friends/new.html.erb within layouts/application (Duration: 3.1ms | Allocations: 1339)
[Webpacker] Everything's up-to-date. Nothing to do
  Rendered home/_header.html.erb (Duration: 0.2ms | Allocations: 80)
  Rendered layout layouts/application.html.erb (Duration: 7.7ms | Allocations: 4487)
Completed 200 OK in 10ms (Views: 8.4ms | ActiveRecord: 0.0ms | Allocations: 4885)


Started POST "/friends" for 127.0.0.1 at 2021-06-04 21:20:41 -0400
Processing by FriendsController#create as HTML
  Parameters: {"authenticity_token"=>"[FILTERED]", "friend"=>{"first_name"=>"bob", "last_name"=>"fakename", "email"=>"bob@email.com", "phone"=>"555 555 5555", "twitter"=>"@the_real_fake"}, "commit"=>"Create Friend"}
  [1m[36mTRANSACTION (0.1ms)[0m  [1m[36mbegin transaction[0m
  ↳ app/controllers/friends_controller.rb:27:in `block in create'
  [1m[36mFriend Create (0.4ms)[0m  [1m[32mINSERT INTO "friends" ("first_name", "last_name", "email", "phone", "twitter", "created_at", "updated_at") VALUES (?, ?, ?, ?, ?, ?, ?)[0m  [["first_name", "bob"], ["last_name", "fakename"], ["email", "bob@email.com"], ["phone", "555 555 5555"], ["twitter", "@the_real_fake"], ["created_at", "2021-06-05 01:20:41.105713"], ["updated_at", "2021-06-05 01:20:41.105713"]]
  ↳ app/controllers/friends_controller.rb:27:in `block in create'
  [1m[36mTRANSACTION (5.4ms)[0m  [1m[36mcommit transaction[0m
  ↳ app/controllers/friends_controller.rb:27:in `block in create'
Redirected to http://localhost:3000/friends/2
Completed 302 Found in 17ms (ActiveRecord: 5.8ms | Allocations: 4647)


Started GET "/friends/2" for 127.0.0.1 at 2021-06-04 21:20:41 -0400
Processing by FriendsController#show as HTML
  Parameters: {"id"=>"2"}
  [1m[36mFriend Load (0.2ms)[0m  [1m[34mSELECT "friends".* FROM "friends" WHERE "friends"."id" = ? LIMIT ?[0m  [["id", 2], ["LIMIT", 1]]
  ↳ app/controllers/friends_controller.rb:62:in `set_friend'
  Rendering layout layouts/application.html.erb
  Rendering friends/show.html.erb within layouts/application
  Rendered friends/show.html.erb within layouts/application (Duration: 0.4ms | Allocations: 109)
[Webpacker] Everything's up-to-date. Nothing to do
  Rendered home/_header.html.erb (Duration: 0.3ms | Allocations: 81)
  Rendered layout layouts/application.html.erb (Duration: 10.1ms | Allocations: 3260)
Completed 200 OK in 13ms (Views: 10.7ms | ActiveRecord: 0.2ms | Allocations: 4196)


Started GET "/friends" for 127.0.0.1 at 2021-06-04 21:20:42 -0400
Processing by FriendsController#index as HTML
  Rendering layout layouts/application.html.erb
  Rendering friends/index.html.erb within layouts/application
  [1m[36mFriend Load (0.2ms)[0m  [1m[34mSELECT "friends".* FROM "friends"[0m
  ↳ app/views/friends/index.html.erb:18
  Rendered friends/index.html.erb within layouts/application (Duration: 16.1ms | Allocations: 925)
[Webpacker] Everything's up-to-date. Nothing to do
  Rendered home/_header.html.erb (Duration: 1.9ms | Allocations: 81)
  Rendered layout layouts/application.html.erb (Duration: 24.4ms | Allocations: 4087)
Completed 200 OK in 27ms (Views: 25.1ms | ActiveRecord: 0.2ms | Allocations: 4484)


Started GET "/friends" for 127.0.0.1 at 2021-06-04 21:23:45 -0400
  [1m[35m (0.4ms)[0m  [1m[34mSELECT sqlite_version(*)[0m
  [1m[35m (0.2ms)[0m  [1m[34mSELECT "schema_migrations"."version" FROM "schema_migrations" ORDER BY "schema_migrations"."version" ASC[0m
Processing by FriendsController#index as HTML
  Rendering layout layouts/application.html.erb
  Rendering friends/index.html.erb within layouts/application
  [1m[36mFriend Load (0.2ms)[0m  [1m[34mSELECT "friends".* FROM "friends"[0m
  ↳ app/views/friends/index.html.erb:18
  Rendered friends/index.html.erb within layouts/application (Duration: 15.2ms | Allocations: 5811)
[Webpacker] Everything's up-to-date. Nothing to do
  Rendered home/_header.html.erb (Duration: 1.1ms | Allocations: 272)
  Rendered layout layouts/application.html.erb (Duration: 65.7ms | Allocations: 14763)
Completed 200 OK in 79ms (Views: 67.8ms | ActiveRecord: 0.6ms | Allocations: 17648)


Started GET "/friends" for 127.0.0.1 at 2021-06-04 21:23:47 -0400
Processing by FriendsController#index as HTML
  Rendering layout layouts/application.html.erb
  Rendering friends/index.html.erb within layouts/application
  [1m[36mFriend Load (0.2ms)[0m  [1m[34mSELECT "friends".* FROM "friends"[0m
  ↳ app/views/friends/index.html.erb:18
  Rendered friends/index.html.erb within layouts/application (Duration: 3.6ms | Allocations: 937)
[Webpacker] Everything's up-to-date. Nothing to do
  Rendered home/_header.html.erb (Duration: 0.4ms | Allocations: 103)
  Rendered layout layouts/application.html.erb (Duration: 20.0ms | Allocations: 4114)
Completed 200 OK in 23ms (Views: 20.6ms | ActiveRecord: 0.2ms | Allocations: 4520)


Started GET "/" for 127.0.0.1 at 2021-06-04 21:23:48 -0400
Processing by HomeController#index as HTML
  Rendering layout layouts/application.html.erb
  Rendering home/index.html.erb within layouts/application
  Rendered home/index.html.erb within layouts/application (Duration: 0.6ms | Allocations: 109)
[Webpacker] Everything's up-to-date. Nothing to do
  Rendered home/_header.html.erb (Duration: 0.3ms | Allocations: 119)
  Rendered layout layouts/application.html.erb (Duration: 21.5ms | Allocations: 3304)
Completed 200 OK in 29ms (Views: 26.3ms | ActiveRecord: 0.0ms | Allocations: 4223)


Started GET "/" for 127.0.0.1 at 2021-06-04 21:24:08 -0400
Processing by HomeController#index as HTML
  Rendering layout layouts/application.html.erb
  Rendering home/index.html.erb within layouts/application
  Rendered home/index.html.erb within layouts/application (Duration: 0.1ms | Allocations: 37)
[Webpacker] Everything's up-to-date. Nothing to do
  Rendered home/_header.html.erb (Duration: 0.5ms | Allocations: 112)
  Rendered layout layouts/application.html.erb (Duration: 17.4ms | Allocations: 3219)
Completed 200 OK in 33ms (Views: 32.6ms | ActiveRecord: 0.0ms | Allocations: 3598)


Started GET "/home/about" for 127.0.0.1 at 2021-06-04 21:24:09 -0400
Processing by HomeController#about as HTML
  Rendering layout layouts/application.html.erb
  Rendering home/about.html.erb within layouts/application
  Rendered home/about.html.erb within layouts/application (Duration: 0.3ms | Allocations: 108)
[Webpacker] Everything's up-to-date. Nothing to do
  Rendered home/_header.html.erb (Duration: 0.4ms | Allocations: 119)
  Rendered layout layouts/application.html.erb (Duration: 5.6ms | Allocations: 3308)
Completed 200 OK in 7ms (Views: 6.2ms | ActiveRecord: 0.0ms | Allocations: 3818)


Started GET "/friends" for 127.0.0.1 at 2021-06-04 21:24:10 -0400
Processing by FriendsController#index as HTML
  Rendering layout layouts/application.html.erb
  Rendering friends/index.html.erb within layouts/application
  [1m[36mFriend Load (0.2ms)[0m  [1m[34mSELECT "friends".* FROM "friends"[0m
  ↳ app/views/friends/index.html.erb:18
  Rendered friends/index.html.erb within layouts/application (Duration: 2.9ms | Allocations: 941)
[Webpacker] Everything's up-to-date. Nothing to do
  Rendered home/_header.html.erb (Duration: 0.3ms | Allocations: 106)
  Rendered layout layouts/application.html.erb (Duration: 11.3ms | Allocations: 4144)
Completed 200 OK in 13ms (Views: 11.6ms | ActiveRecord: 0.2ms | Allocations: 4550)


Started GET "/" for 127.0.0.1 at 2021-06-04 21:24:41 -0400
Processing by HomeController#index as HTML
  Rendering layout layouts/application.html.erb
  Rendering home/index.html.erb within layouts/application
  Rendered home/index.html.erb within layouts/application (Duration: 0.6ms | Allocations: 106)
[Webpacker] Everything's up-to-date. Nothing to do
  Rendered home/_header.html.erb (Duration: 0.9ms | Allocations: 313)
  Rendered layout layouts/application.html.erb (Duration: 19.3ms | Allocations: 3852)
Completed 200 OK in 24ms (Views: 21.8ms | ActiveRecord: 0.0ms | Allocations: 4943)


Started GET "/friends/new" for 127.0.0.1 at 2021-06-04 21:24:44 -0400
Processing by FriendsController#new as HTML
  Rendering layout layouts/application.html.erb
  Rendering friends/new.html.erb within layouts/application
  Rendered friends/_form.html.erb (Duration: 24.8ms | Allocations: 9911)
  Rendered friends/new.html.erb within layouts/application (Duration: 29.3ms | Allocations: 10254)
[Webpacker] Everything's up-to-date. Nothing to do
  Rendered home/_header.html.erb (Duration: 0.2ms | Allocations: 127)
  Rendered layout layouts/application.html.erb (Duration: 40.2ms | Allocations: 13356)
Completed 200 OK in 46ms (Views: 43.1ms | ActiveRecord: 0.0ms | Allocations: 14263)


Started GET "/friends" for 127.0.0.1 at 2021-06-04 21:24:48 -0400
Processing by FriendsController#index as HTML
  Rendering layout layouts/application.html.erb
  Rendering friends/index.html.erb within layouts/application
  [1m[36mFriend Load (1.3ms)[0m  [1m[34mSELECT "friends".* FROM "friends"[0m
  ↳ app/views/friends/index.html.erb:18
  Rendered friends/index.html.erb within layouts/application (Duration: 8.5ms | Allocations: 1218)
[Webpacker] Everything's up-to-date. Nothing to do
  Rendered home/_header.html.erb (Duration: 0.5ms | Allocations: 128)
  Rendered layout layouts/application.html.erb (Duration: 16.3ms | Allocations: 4418)
Completed 200 OK in 20ms (Views: 16.8ms | ActiveRecord: 1.3ms | Allocations: 4942)


Started GET "/friends/new" for 127.0.0.1 at 2021-06-04 21:24:50 -0400
Processing by FriendsController#new as HTML
  Rendering layout layouts/application.html.erb
  Rendering friends/new.html.erb within layouts/application
  Rendered friends/_form.html.erb (Duration: 2.2ms | Allocations: 1232)
  Rendered friends/new.html.erb within layouts/application (Duration: 2.7ms | Allocations: 1339)
[Webpacker] Everything's up-to-date. Nothing to do
  Rendered home/_header.html.erb (Duration: 0.3ms | Allocations: 124)
  Rendered layout layouts/application.html.erb (Duration: 10.3ms | Allocations: 4531)
Completed 200 OK in 12ms (Views: 10.9ms | ActiveRecord: 0.0ms | Allocations: 4930)


Started GET "/home/about" for 127.0.0.1 at 2021-06-04 21:24:52 -0400
Processing by HomeController#about as HTML
  Rendering layout layouts/application.html.erb
  Rendering home/about.html.erb within layouts/application
  Rendered home/about.html.erb within layouts/application (Duration: 1.4ms | Allocations: 104)
[Webpacker] Everything's up-to-date. Nothing to do
  Rendered home/_header.html.erb (Duration: 0.9ms | Allocations: 142)
  Rendered layout layouts/application.html.erb (Duration: 11.2ms | Allocations: 3318)
Completed 200 OK in 14ms (Views: 12.5ms | ActiveRecord: 0.0ms | Allocations: 3821)


Started GET "/" for 127.0.0.1 at 2021-06-04 21:24:53 -0400
Processing by HomeController#index as HTML
  Rendering layout layouts/application.html.erb
  Rendering home/index.html.erb within layouts/application
  Rendered home/index.html.erb within layouts/application (Duration: 0.1ms | Allocations: 37)
[Webpacker] Everything's up-to-date. Nothing to do
  Rendered home/_header.html.erb (Duration: 0.3ms | Allocations: 134)
  Rendered layout layouts/application.html.erb (Duration: 7.2ms | Allocations: 3241)
Completed 200 OK in 9ms (Views: 7.8ms | ActiveRecord: 0.0ms | Allocations: 3619)


Started GET "/" for 127.0.0.1 at 2021-06-04 21:25:26 -0400
Processing by HomeController#index as HTML
  Rendering layout layouts/application.html.erb
  Rendering home/index.html.erb within layouts/application
  Rendered home/index.html.erb within layouts/application (Duration: 0.3ms | Allocations: 107)
[Webpacker] Everything's up-to-date. Nothing to do
  Rendered home/_header.html.erb (Duration: 0.8ms | Allocations: 312)
  Rendered layout layouts/application.html.erb (Duration: 5.8ms | Allocations: 3830)
Completed 200 OK in 8ms (Views: 7.1ms | ActiveRecord: 0.0ms | Allocations: 4917)


Started GET "/friends/new" for 127.0.0.1 at 2021-06-04 21:25:27 -0400
Processing by FriendsController#new as HTML
  Rendering layout layouts/application.html.erb
  Rendering friends/new.html.erb within layouts/application
  Rendered friends/_form.html.erb (Duration: 2.9ms | Allocations: 1634)
  Rendered friends/new.html.erb within layouts/application (Duration: 4.0ms | Allocations: 1975)
[Webpacker] Everything's up-to-date. Nothing to do
  Rendered home/_header.html.erb (Duration: 0.2ms | Allocations: 127)
  Rendered layout layouts/application.html.erb (Duration: 10.8ms | Allocations: 5171)
Completed 200 OK in 13ms (Views: 11.9ms | ActiveRecord: 0.0ms | Allocations: 6062)


